<?xml version="1.0" encoding="UTF-8"?>
<testng-results ignored="0" total="1" passed="1" failed="0" skipped="0">
  <reporter-output>
  </reporter-output>
  <suite started-at="2023-12-14T10:41:13Z" name="Default suite" finished-at="2023-12-14T10:41:30Z" duration-ms="16682">
    <groups>
    </groups>
    <test started-at="2023-12-14T10:41:13Z" name="Default test" finished-at="2023-12-14T10:41:30Z" duration-ms="16682">
      <class name="TestCase.TestCase1">
        <test-method signature="runnerMethod()[pri:0, instance:TestCase.TestCase1@57a78e3]" started-at="2023-12-14T10:41:13Z" name="runnerMethod" finished-at="2023-12-14T10:41:30Z" duration-ms="16662" status="PASS">
          <reporter-output>
          </reporter-output>
        </test-method> <!-- runnerMethod -->
      </class> <!-- TestCase.TestCase1 -->
    </test> <!-- Default test -->
  </suite> <!-- Default suite -->
</testng-results>
